<?xml version="1.0" encoding="UTF-8"?>
<!-- Generated by org.testng.reporters.JUnitXMLReporter -->
<testsuite ignored="4" hostname="DESKTOP-N9GF13S" failures="0" tests="1" name="login_Regression" time="11.872" errors="0" timestamp="13 Apr 2023 03:18:12 GMT">
  <testcase classname="tests.LoginTest" name="loginErrorMessage" time="10.075"/>
  <testcase classname="tests.LoginTest" name="checkRememberMeId" time="0.0">
    <ignored/>
  </testcase> <!-- checkRememberMeId -->
  <testcase classname="tests.LoginTest" name="loginTest1" time="0.0">
    <ignored/>
  </testcase> <!-- loginTest1 -->
  <testcase classname="tests.LoginTest" name="loginTestForAmazon" time="0.0">
    <ignored/>
  </testcase> <!-- loginTestForAmazon -->
  <testcase classname="tests.LoginTest" name="loginTest" time="0.0">
    <ignored/>
  </testcase> <!-- loginTest -->
</testsuite> <!-- login_Regression -->
